<?xml version="1.0" encoding="UTF-8"?>
<testsuite name="CountLettersTest" tests="1" skipped="0" failures="0" errors="0" timestamp="2019-04-25T15:30:18" hostname="DESKTOP-C3E7ME0" time="0.005">
  <properties/>
  <testcase name="countLetters_inputString_returnHashmap" classname="CountLettersTest" time="0.005"/>
  <system-out><![CDATA[a 2
r 1
c 1
d 1
e 3
f 1
g 1
x 1
y 1
m 1
n 1
o 1
]]></system-out>
  <system-err><![CDATA[]]></system-err>
</testsuite>
